truncate t_gn_activitycall;
truncate t_gn_activitylog;
truncate t_gn_addphone;
truncate t_gn_appoinment;
truncate t_gn_approvalhistory;
truncate t_gn_assignment;
truncate t_gn_assignment_log;
truncate t_gn_attr_cip_cc;
truncate t_gn_attr_cip_ntb;
truncate t_gn_attr_cip_reg;
truncate t_gn_attr_cip_topup;
truncate t_gn_attr_hospin;
truncate t_gn_attr_pa;
truncate t_gn_attr_pil_topup;
truncate t_gn_attr_pil_xsell;
truncate t_gn_bucket_customers;
truncate t_gn_callhistory;
truncate t_gn_customer;
truncate t_gn_frm_hospin;
truncate t_gn_upload_report_ftp;
truncate t_gn_ver_activity;
truncate t_gn_ver_activity_log;
truncate t_gn_ver_result;